<?xml version="1.0" encoding="UTF-8"?>
<testsuite xmlns:xsi="http://www.w3.org/2001/XMLSchema-instance" xsi:noNamespaceSchemaLocation="https://maven.apache.org/surefire/maven-surefire-plugin/xsd/surefire-test-report.xsd" version="3.0.2" name="com.property.portal.ApplicationTests" time="12.058" tests="1" errors="0" skipped="0" failures="0">
  <properties>
[...]
</properties>
  <testcase name="contextLoads" classname="com.property.portal.ApplicationTests" time="1.598">
    <system-out><![CDATA[11:01:12.021 [main] INFO org.springframework.test.context.support.AnnotationConfigContextLoaderUtils -- Could not detect default configuration classes for test class [com.property.portal.ApplicationTests]: ApplicationTests does not declare any static, non-private, non-final, nested classes annotated with @Configuration.
11:01:12.288 [main] INFO org.springframework.boot.test.context.SpringBootTestContextBootstrapper -- Found @SpringBootConfiguration com.property.portal.Application for test class com.property.portal.ApplicationTests

  .   ____          _            __ _ _
 /\\ / ___'_ __ _ _(_)_ __  __ _ \ \ \ \
( ( )\___ | '_ | '_| | '_ \/ _` | \ \ \ \
 \\/  ___)| |_)| | | | | || (_| |  ) ) ) )
  '  |____| .__|_| |_|_| |_\__, | / / / /
 =========|_|==============|___/=/_/_/_/

 :: Spring Boot ::                (v3.4.4)

2026-05-18T11:01:13.448+08:00  INFO 6168 --- [           main] com.property.portal.ApplicationTests     : Starting ApplicationTests using Java 21.0.10 with PID 6168 (started by huyu in C:\pj\demo2\houseDemo2\code-java)
2026-05-18T11:01:13.450+08:00  INFO 6168 --- [           main] com.property.portal.ApplicationTests     : No active profile set, falling back to 1 default profile: "default"
2026-05-18T11:01:17.037+08:00  INFO 6168 --- [           main] o.s.b.w.embedded.tomcat.TomcatWebServer  : Tomcat initialized with port 0 (http)
2026-05-18T11:01:17.080+08:00  INFO 6168 --- [           main] o.apache.catalina.core.StandardService   : Starting service [Tomcat]
2026-05-18T11:01:17.081+08:00  INFO 6168 --- [           main] o.apache.catalina.core.StandardEngine    : Starting Servlet engine: [Apache Tomcat/10.1.39]
2026-05-18T11:01:17.310+08:00  INFO 6168 --- [           main] o.a.c.c.C.[Tomcat].[localhost].[/]       : Initializing Spring embedded WebApplicationContext
2026-05-18T11:01:17.312+08:00  INFO 6168 --- [           main] w.s.c.ServletWebServerApplicationContext : Root WebApplicationContext: initialization completed in 3807 ms
 _ _   |_  _ _|_. ___ _ |    _ 
| | |\/|_)(_| | |_\  |_)||_|_\ 
     /               |         
                        3.5.10.1 
2026-05-18T11:01:18.667+08:00  INFO 6168 --- [           main] com.zaxxer.hikari.HikariDataSource       : HikariPool-1 - Starting...
2026-05-18T11:01:19.260+08:00  INFO 6168 --- [           main] com.zaxxer.hikari.pool.HikariPool        : HikariPool-1 - Added connection com.mysql.cj.jdbc.ConnectionImpl@635ff2a5
2026-05-18T11:01:19.265+08:00  INFO 6168 --- [           main] com.zaxxer.hikari.HikariDataSource       : HikariPool-1 - Start completed.
2026-05-18T11:01:22.042+08:00  INFO 6168 --- [           main] o.s.b.w.embedded.tomcat.TomcatWebServer  : Tomcat started on port 56388 (http) with context path '/'
2026-05-18T11:01:22.059+08:00  INFO 6168 --- [           main] com.property.portal.ApplicationTests     : Started ApplicationTests in 9.459 seconds (process running for 11.891)
]]></system-out>
    <system-err><![CDATA[Mockito is currently self-attaching to enable the inline-mock-maker. This will no longer work in future releases of the JDK. Please add Mockito as an agent to your build what is described in Mockito's documentation: https://javadoc.io/doc/org.mockito/mockito-core/latest/org/mockito/Mockito.html#0.3
WARNING: A Java agent has been loaded dynamically (C:\Users\huyu\.m2\repository\net\bytebuddy\byte-buddy-agent\1.15.11\byte-buddy-agent-1.15.11.jar)
WARNING: If a serviceability tool is in use, please run with -XX:+EnableDynamicAgentLoading to hide this warning
WARNING: If a serviceability tool is not in use, please run with -Djdk.instrument.traceUsage for more information
WARNING: Dynamic loading of agents will be disallowed by default in a future release
]]></system-err>
  </testcase>
</testsuite>