<?xml version="1.0" encoding="UTF-8"?>
<testsuite xmlns:xsi="http://www.w3.org/2001/XMLSchema-instance" xsi:noNamespaceSchemaLocation="https://maven.apache.org/surefire/maven-surefire-plugin/xsd/surefire-test-report.xsd" version="3.0.2" name="com.property.portal.service.MarketDataServiceTest" time="0.059" tests="4" errors="0" skipped="0" failures="0">
  <properties>
[...]
</properties>
  <testcase name="computeStatsCalculatesCorrectly" classname="com.property.portal.service.MarketDataServiceTest" time="0.048"/>
  <testcase name="computeStatsForNullReturnsZeroes" classname="com.property.portal.service.MarketDataServiceTest" time="0.001"/>
  <testcase name="computeStatsForEmptyListReturnsZeroes" classname="com.property.portal.service.MarketDataServiceTest" time="0.002"/>
  <testcase name="runWhatIfCallsMlApi" classname="com.property.portal.service.MarketDataServiceTest" time="0.003"/>
</testsuite>